Base path: /Applications/Unity/Unity.app/Contents
Cmd: initializeCompiler
Cmd: disassembleShader
  api=15 insize=16040 outsize=16040 ok=1
Cmd: disassembleShader
  api=14 insize=3583 outsize=3567 ok=1
Cmd: disassembleShader
  api=14 insize=4085 outsize=4069 ok=1
Cmd: disassembleShader
  api=15 insize=13012 outsize=13012 ok=1
Cmd: disassembleShader
  api=15 insize=14367 outsize=14367 ok=1
Cmd: disassembleShader
  api=15 insize=18527 outsize=18527 ok=1
Cmd: disassembleShader
  api=14 insize=14803 outsize=14787 ok=1
Cmd: disassembleShader
  api=14 insize=12973 outsize=12957 ok=1
Cmd: disassembleShader
  api=14 insize=12192 outsize=12176 ok=1
Cmd: disassembleShader
  api=14 insize=3415 outsize=3399 ok=1
Cmd: disassembleShader
  api=14 insize=3415 outsize=3399 ok=1
Cmd: disassembleShader
  api=15 insize=9187 outsize=9187 ok=1
Cmd: disassembleShader
  api=15 insize=11085 outsize=11085 ok=1
Cmd: disassembleShader
  api=15 insize=9782 outsize=9782 ok=1
Cmd: disassembleShader
  api=15 insize=10590 outsize=10590 ok=1
Cmd: disassembleShader
  api=15 insize=10749 outsize=10749 ok=1
Cmd: disassembleShader
  api=15 insize=0 outsize=57 ok=1
Cmd: disassembleShader
  api=15 insize=0 outsize=57 ok=1
Cmd: disassembleShader
  api=15 insize=0 outsize=57 ok=1
Cmd: disassembleShader
  api=15 insize=0 outsize=57 ok=1
Cmd: disassembleShader
  api=15 insize=0 outsize=57 ok=1
Cmd: disassembleShader
  api=15 insize=0 outsize=57 ok=1
Cmd: disassembleShader
  api=15 insize=0 outsize=57 ok=1
Cmd: disassembleShader
  api=15 insize=1871 outsize=1871 ok=1
Cmd: disassembleShader
  api=14 insize=1964 outsize=1948 ok=1
Cmd: disassembleShader
  api=15 insize=7321 outsize=7321 ok=1
Cmd: disassembleShader
  api=14 insize=3757 outsize=3741 ok=1
Cmd: disassembleShader
  api=14 insize=2306 outsize=2290 ok=1
Cmd: disassembleShader
  api=14 insize=5706 outsize=5690 ok=1
Cmd: disassembleShader
  api=14 insize=2361 outsize=2345 ok=1
Cmd: disassembleShader
  api=15 insize=8819 outsize=8819 ok=1
Cmd: disassembleShader
  api=14 insize=4085 outsize=4069 ok=1
Cmd: disassembleShader
  api=14 insize=3427 outsize=3411 ok=1
Cmd: disassembleShader
  api=15 insize=10317 outsize=10317 ok=1
Cmd: disassembleShader
  api=15 insize=14265 outsize=14265 ok=1
Cmd: disassembleShader
  api=15 insize=7744 outsize=7744 ok=1
Cmd: disassembleShader
  api=14 insize=6436 outsize=6420 ok=1
Cmd: disassembleShader
  api=14 insize=15761 outsize=15745 ok=1
Cmd: disassembleShader
  api=14 insize=6246 outsize=6230 ok=1
Cmd: disassembleShader
  api=15 insize=7396 outsize=7396 ok=1
Cmd: disassembleShader
  api=15 insize=7205 outsize=7205 ok=1
Cmd: disassembleShader
  api=14 insize=3760 outsize=3744 ok=1
Cmd: disassembleShader
  api=15 insize=10379 outsize=10379 ok=1
Cmd: disassembleShader
  api=15 insize=6301 outsize=6301 ok=1
Cmd: disassembleShader
  api=14 insize=4653 outsize=4637 ok=1
Cmd: disassembleShader
  api=14 insize=5617 outsize=5601 ok=1
Cmd: disassembleShader
  api=14 insize=4979 outsize=4963 ok=1
Cmd: disassembleShader
  api=14 insize=8858 outsize=8842 ok=1
Cmd: disassembleShader
  api=14 insize=4558 outsize=4542 ok=1
Cmd: disassembleShader
  api=14 insize=2921 outsize=2905 ok=1
Cmd: disassembleShader
  api=14 insize=503 outsize=487 ok=1
Unhandled exception: Protocol error - failed to read correct magic number

Quitting shader compiler process
